Mensaje I / 00:00:00:000 / Root(00) para top(01)
Mensaje I / 00:00:00:000 / top(01) para adc(02)
Mensaje D / 00:00:00:000 / adc(02) / ... para top(01)
Mensaje D / 00:00:00:000 / top(01) / ... para Root(00)
Mensaje X / 00:00:10:000 / Root(00) / sin /      0.00000 para top(01)
Mensaje X / 00:00:10:000 / top(01) / sin /      0.00000 para adc(02)
Mensaje D / 00:00:10:000 / adc(02) / 00:00:10:000 para top(01)
Mensaje D / 00:00:10:000 / top(01) / 00:00:10:000 para Root(00)
Mensaje * / 00:00:20:000 / Root(00) para top(01)
Mensaje * / 00:00:20:000 / top(01) para adc(02)
Mensaje Y / 00:00:20:000 / adc(02) / levelout /      0.00000 para top(01)
Mensaje Y / 00:00:20:000 / adc(02) / digout /      0.00000 para top(01)
Mensaje Y / 00:00:20:000 / adc(02) / tobuzz /      0.00000 para top(01)
Mensaje D / 00:00:20:000 / adc(02) / ... para top(01)
Mensaje Y / 00:00:20:000 / top(01) / levelout /      0.00000 para Root(00)
Mensaje Y / 00:00:20:000 / top(01) / digout /      0.00000 para Root(00)
Mensaje Y / 00:00:20:000 / top(01) / tobuzz /      0.00000 para Root(00)
Mensaje D / 00:00:20:000 / top(01) / ... para Root(00)
Mensaje X / 00:00:30:000 / Root(00) / sin /      2.00000 para top(01)
Mensaje X / 00:00:30:000 / top(01) / sin /      2.00000 para adc(02)
Mensaje D / 00:00:30:000 / adc(02) / 00:00:10:000 para top(01)
Mensaje D / 00:00:30:000 / top(01) / 00:00:10:000 para Root(00)
Mensaje * / 00:00:40:000 / Root(00) para top(01)
Mensaje * / 00:00:40:000 / top(01) para adc(02)
Mensaje Y / 00:00:40:000 / adc(02) / levelout /      2.00000 para top(01)
Mensaje Y / 00:00:40:000 / adc(02) / digout /      0.00000 para top(01)
Mensaje Y / 00:00:40:000 / adc(02) / tobuzz /      0.00000 para top(01)
Mensaje D / 00:00:40:000 / adc(02) / ... para top(01)
Mensaje Y / 00:00:40:000 / top(01) / levelout /      2.00000 para Root(00)
Mensaje Y / 00:00:40:000 / top(01) / digout /      0.00000 para Root(00)
Mensaje Y / 00:00:40:000 / top(01) / tobuzz /      0.00000 para Root(00)
Mensaje D / 00:00:40:000 / top(01) / ... para Root(00)
Mensaje X / 00:00:45:000 / Root(00) / sin /      3.00000 para top(01)
Mensaje X / 00:00:45:000 / top(01) / sin /      3.00000 para adc(02)
Mensaje D / 00:00:45:000 / adc(02) / 00:00:10:000 para top(01)
Mensaje D / 00:00:45:000 / top(01) / 00:00:10:000 para Root(00)
Mensaje X / 00:00:52:000 / Root(00) / sin /      4.00000 para top(01)
Mensaje X / 00:00:52:000 / top(01) / sin /      4.00000 para adc(02)
Mensaje D / 00:00:52:000 / adc(02) / 00:00:10:000 para top(01)
Mensaje D / 00:00:52:000 / top(01) / 00:00:10:000 para Root(00)
Mensaje * / 00:01:02:000 / Root(00) para top(01)
Mensaje * / 00:01:02:000 / top(01) para adc(02)
Mensaje Y / 00:01:02:000 / adc(02) / levelout /      4.00000 para top(01)
Mensaje Y / 00:01:02:000 / adc(02) / digout /      1.00000 para top(01)
Mensaje D / 00:01:02:000 / adc(02) / ... para top(01)
Mensaje Y / 00:01:02:000 / top(01) / levelout /      4.00000 para Root(00)
Mensaje Y / 00:01:02:000 / top(01) / digout /      1.00000 para Root(00)
Mensaje D / 00:01:02:000 / top(01) / ... para Root(00)
Mensaje X / 00:01:25:000 / Root(00) / sin /      5.00000 para top(01)
Mensaje X / 00:01:25:000 / top(01) / sin /      5.00000 para adc(02)
Mensaje D / 00:01:25:000 / adc(02) / 00:00:10:000 para top(01)
Mensaje D / 00:01:25:000 / top(01) / 00:00:10:000 para Root(00)
Mensaje X / 00:01:25:000 / Root(00) / sin /     38.00000 para top(01)
Mensaje X / 00:01:25:000 / top(01) / sin /     38.00000 para adc(02)
Mensaje D / 00:01:25:000 / adc(02) / 00:00:10:000 para top(01)
Mensaje D / 00:01:25:000 / top(01) / 00:00:10:000 para Root(00)
Mensaje X / 00:01:35:000 / Root(00) / sin /      6.00000 para top(01)
Mensaje X / 00:01:35:000 / top(01) / sin /      6.00000 para adc(02)
Mensaje D / 00:01:35:000 / adc(02) / 00:00:10:000 para top(01)
Mensaje D / 00:01:35:000 / top(01) / 00:00:10:000 para Root(00)
Mensaje * / 00:01:45:000 / Root(00) para top(01)
Mensaje * / 00:01:45:000 / top(01) para adc(02)
Mensaje Y / 00:01:45:000 / adc(02) / levelout /      6.00000 para top(01)
Mensaje Y / 00:01:45:000 / adc(02) / digout /      1.00000 para top(01)
Mensaje D / 00:01:45:000 / adc(02) / ... para top(01)
Mensaje Y / 00:01:45:000 / top(01) / levelout /      6.00000 para Root(00)
Mensaje Y / 00:01:45:000 / top(01) / digout /      1.00000 para Root(00)
Mensaje D / 00:01:45:000 / top(01) / ... para Root(00)
Mensaje X / 00:01:55:000 / Root(00) / sin /      7.00000 para top(01)
Mensaje X / 00:01:55:000 / top(01) / sin /      7.00000 para adc(02)
Mensaje D / 00:01:55:000 / adc(02) / 00:00:10:000 para top(01)
Mensaje D / 00:01:55:000 / top(01) / 00:00:10:000 para Root(00)
Mensaje * / 00:02:05:000 / Root(00) para top(01)
Mensaje * / 00:02:05:000 / top(01) para adc(02)
Mensaje Y / 00:02:05:000 / adc(02) / levelout /      7.00000 para top(01)
Mensaje Y / 00:02:05:000 / adc(02) / digout /      1.00000 para top(01)
Mensaje D / 00:02:05:000 / adc(02) / ... para top(01)
Mensaje Y / 00:02:05:000 / top(01) / levelout /      7.00000 para Root(00)
Mensaje Y / 00:02:05:000 / top(01) / digout /      1.00000 para Root(00)
Mensaje D / 00:02:05:000 / top(01) / ... para Root(00)
Mensaje X / 00:02:10:000 / Root(00) / sin /      8.00000 para top(01)
Mensaje X / 00:02:10:000 / top(01) / sin /      8.00000 para adc(02)
Mensaje D / 00:02:10:000 / adc(02) / 00:00:10:000 para top(01)
Mensaje D / 00:02:10:000 / top(01) / 00:00:10:000 para Root(00)
Mensaje X / 00:02:10:000 / Root(00) / sin /     11.00000 para top(01)
Mensaje X / 00:02:10:000 / top(01) / sin /     11.00000 para adc(02)
Mensaje D / 00:02:10:000 / adc(02) / 00:00:10:000 para top(01)
Mensaje D / 00:02:10:000 / top(01) / 00:00:10:000 para Root(00)
Mensaje X / 00:02:15:000 / Root(00) / sin /     26.00000 para top(01)
Mensaje X / 00:02:15:000 / top(01) / sin /     26.00000 para adc(02)
Mensaje D / 00:02:15:000 / adc(02) / 00:00:10:000 para top(01)
Mensaje D / 00:02:15:000 / top(01) / 00:00:10:000 para Root(00)
Mensaje * / 00:02:25:000 / Root(00) para top(01)
Mensaje * / 00:02:25:000 / top(01) para adc(02)
Mensaje D / 00:02:25:000 / adc(02) / ... para top(01)
Mensaje D / 00:02:25:000 / top(01) / ... para Root(00)
Mensaje X / 00:02:30:000 / Root(00) / sin /      9.00000 para top(01)
Mensaje X / 00:02:30:000 / top(01) / sin /      9.00000 para adc(02)
Mensaje D / 00:02:30:000 / adc(02) / 00:00:10:000 para top(01)
Mensaje D / 00:02:30:000 / top(01) / 00:00:10:000 para Root(00)
Mensaje * / 00:02:40:000 / Root(00) para top(01)
Mensaje * / 00:02:40:000 / top(01) para adc(02)
Mensaje Y / 00:02:40:000 / adc(02) / levelout /      9.00000 para top(01)
Mensaje Y / 00:02:40:000 / adc(02) / digout /      2.00000 para top(01)
Mensaje D / 00:02:40:000 / adc(02) / ... para top(01)
Mensaje Y / 00:02:40:000 / top(01) / levelout /      9.00000 para Root(00)
Mensaje Y / 00:02:40:000 / top(01) / digout /      2.00000 para Root(00)
Mensaje D / 00:02:40:000 / top(01) / ... para Root(00)
Mensaje X / 00:02:45:000 / Root(00) / sin /     10.00000 para top(01)
Mensaje X / 00:02:45:000 / top(01) / sin /     10.00000 para adc(02)
Mensaje D / 00:02:45:000 / adc(02) / 00:00:10:000 para top(01)
Mensaje D / 00:02:45:000 / top(01) / 00:00:10:000 para Root(00)
Mensaje * / 00:02:55:000 / Root(00) para top(01)
Mensaje * / 00:02:55:000 / top(01) para adc(02)
Mensaje Y / 00:02:55:000 / adc(02) / levelout /     10.00000 para top(01)
Mensaje Y / 00:02:55:000 / adc(02) / digout /      2.00000 para top(01)
Mensaje Y / 00:02:55:000 / adc(02) / digout /      3.00000 para top(01)
Mensaje Y / 00:02:55:000 / adc(02) / tobuzz /      3.00000 para top(01)
Mensaje D / 00:02:55:000 / adc(02) / ... para top(01)
Mensaje Y / 00:02:55:000 / top(01) / levelout /     10.00000 para Root(00)
Mensaje Y / 00:02:55:000 / top(01) / digout /      2.00000 para Root(00)
Mensaje Y / 00:02:55:000 / top(01) / digout /      3.00000 para Root(00)
Mensaje Y / 00:02:55:000 / top(01) / tobuzz /      3.00000 para Root(00)
Mensaje D / 00:02:55:000 / top(01) / ... para Root(00)
