Mensaje I / 00:00:00:000 / Root(00) para top(01)
Mensaje I / 00:00:00:000 / top(01) para buzzer(02)
Mensaje D / 00:00:00:000 / buzzer(02) / ... para top(01)
Mensaje D / 00:00:00:000 / top(01) / ... para Root(00)
Mensaje X / 00:00:10:000 / Root(00) / buzzin /      3.00000 para top(01)
Mensaje X / 00:00:10:000 / top(01) / buzzin /      3.00000 para buzzer(02)
Mensaje D / 00:00:10:000 / buzzer(02) / 00:00:10:000 para top(01)
Mensaje D / 00:00:10:000 / top(01) / 00:00:10:000 para Root(00)
Mensaje * / 00:00:20:000 / Root(00) para top(01)
Mensaje * / 00:00:20:000 / top(01) para buzzer(02)
Mensaje Y / 00:00:20:000 / buzzer(02) / buzzout /      1.00000 para top(01)
Mensaje D / 00:00:20:000 / buzzer(02) / ... para top(01)
Mensaje Y / 00:00:20:000 / top(01) / buzzout /      1.00000 para Root(00)
Mensaje D / 00:00:20:000 / top(01) / ... para Root(00)
Mensaje X / 00:00:30:000 / Root(00) / buzzin /      3.00000 para top(01)
Mensaje X / 00:00:30:000 / top(01) / buzzin /      3.00000 para buzzer(02)
Mensaje D / 00:00:30:000 / buzzer(02) / 00:00:10:000 para top(01)
Mensaje D / 00:00:30:000 / top(01) / 00:00:10:000 para Root(00)
Mensaje * / 00:00:40:000 / Root(00) para top(01)
Mensaje * / 00:00:40:000 / top(01) para buzzer(02)
Mensaje Y / 00:00:40:000 / buzzer(02) / buzzout /      1.00000 para top(01)
Mensaje D / 00:00:40:000 / buzzer(02) / ... para top(01)
Mensaje Y / 00:00:40:000 / top(01) / buzzout /      1.00000 para Root(00)
Mensaje D / 00:00:40:000 / top(01) / ... para Root(00)
Mensaje X / 00:00:45:000 / Root(00) / buzzin /      3.00000 para top(01)
Mensaje X / 00:00:45:000 / top(01) / buzzin /      3.00000 para buzzer(02)
Mensaje D / 00:00:45:000 / buzzer(02) / 00:00:10:000 para top(01)
Mensaje D / 00:00:45:000 / top(01) / 00:00:10:000 para Root(00)
Mensaje X / 00:00:52:000 / Root(00) / buzzin /      4.00000 para top(01)
Mensaje X / 00:00:52:000 / top(01) / buzzin /      4.00000 para buzzer(02)
Mensaje D / 00:00:52:000 / buzzer(02) / 00:00:10:000 para top(01)
Mensaje D / 00:00:52:000 / top(01) / 00:00:10:000 para Root(00)
Mensaje * / 00:01:02:000 / Root(00) para top(01)
Mensaje * / 00:01:02:000 / top(01) para buzzer(02)
Mensaje D / 00:01:02:000 / buzzer(02) / ... para top(01)
Mensaje D / 00:01:02:000 / top(01) / ... para Root(00)
Mensaje X / 00:01:25:000 / Root(00) / buzzin /      0.00000 para top(01)
Mensaje X / 00:01:25:000 / top(01) / buzzin /      0.00000 para buzzer(02)
Mensaje D / 00:01:25:000 / buzzer(02) / 00:00:10:000 para top(01)
Mensaje D / 00:01:25:000 / top(01) / 00:00:10:000 para Root(00)
Mensaje X / 00:01:35:000 / Root(00) / buzzin /      6.00000 para top(01)
Mensaje X / 00:01:35:000 / top(01) / buzzin /      6.00000 para buzzer(02)
Mensaje D / 00:01:35:000 / buzzer(02) / 00:00:10:000 para top(01)
Mensaje D / 00:01:35:000 / top(01) / 00:00:10:000 para Root(00)
Mensaje * / 00:01:45:000 / Root(00) para top(01)
Mensaje * / 00:01:45:000 / top(01) para buzzer(02)
Mensaje D / 00:01:45:000 / buzzer(02) / ... para top(01)
Mensaje D / 00:01:45:000 / top(01) / ... para Root(00)
Mensaje X / 00:01:55:000 / Root(00) / buzzin /      7.00000 para top(01)
Mensaje X / 00:01:55:000 / top(01) / buzzin /      7.00000 para buzzer(02)
Mensaje D / 00:01:55:000 / buzzer(02) / 00:00:10:000 para top(01)
Mensaje D / 00:01:55:000 / top(01) / 00:00:10:000 para Root(00)
Mensaje * / 00:02:05:000 / Root(00) para top(01)
Mensaje * / 00:02:05:000 / top(01) para buzzer(02)
Mensaje D / 00:02:05:000 / buzzer(02) / ... para top(01)
Mensaje D / 00:02:05:000 / top(01) / ... para Root(00)
Mensaje X / 00:02:10:000 / Root(00) / buzzin /      8.00000 para top(01)
Mensaje X / 00:02:10:000 / top(01) / buzzin /      8.00000 para buzzer(02)
Mensaje D / 00:02:10:000 / buzzer(02) / 00:00:10:000 para top(01)
Mensaje D / 00:02:10:000 / top(01) / 00:00:10:000 para Root(00)
Mensaje X / 00:02:10:000 / Root(00) / buzzin /      0.00000 para top(01)
Mensaje X / 00:02:10:000 / top(01) / buzzin /      0.00000 para buzzer(02)
Mensaje D / 00:02:10:000 / buzzer(02) / 00:00:10:000 para top(01)
Mensaje D / 00:02:10:000 / top(01) / 00:00:10:000 para Root(00)
Mensaje X / 00:02:15:000 / Root(00) / buzzin /      0.00000 para top(01)
Mensaje X / 00:02:15:000 / top(01) / buzzin /      0.00000 para buzzer(02)
Mensaje D / 00:02:15:000 / buzzer(02) / 00:00:10:000 para top(01)
Mensaje D / 00:02:15:000 / top(01) / 00:00:10:000 para Root(00)
Mensaje * / 00:02:25:000 / Root(00) para top(01)
Mensaje * / 00:02:25:000 / top(01) para buzzer(02)
Mensaje Y / 00:02:25:000 / buzzer(02) / buzzout /      1.00000 para top(01)
Mensaje D / 00:02:25:000 / buzzer(02) / ... para top(01)
Mensaje Y / 00:02:25:000 / top(01) / buzzout /      1.00000 para Root(00)
Mensaje D / 00:02:25:000 / top(01) / ... para Root(00)
Mensaje X / 00:02:30:000 / Root(00) / buzzin /      3.00000 para top(01)
Mensaje X / 00:02:30:000 / top(01) / buzzin /      3.00000 para buzzer(02)
Mensaje D / 00:02:30:000 / buzzer(02) / 00:00:10:000 para top(01)
Mensaje D / 00:02:30:000 / top(01) / 00:00:10:000 para Root(00)
Mensaje * / 00:02:40:000 / Root(00) para top(01)
Mensaje * / 00:02:40:000 / top(01) para buzzer(02)
Mensaje Y / 00:02:40:000 / buzzer(02) / buzzout /      1.00000 para top(01)
Mensaje D / 00:02:40:000 / buzzer(02) / ... para top(01)
Mensaje Y / 00:02:40:000 / top(01) / buzzout /      1.00000 para Root(00)
Mensaje D / 00:02:40:000 / top(01) / ... para Root(00)
Mensaje X / 00:02:45:000 / Root(00) / buzzin /      0.00000 para top(01)
Mensaje X / 00:02:45:000 / top(01) / buzzin /      0.00000 para buzzer(02)
Mensaje D / 00:02:45:000 / buzzer(02) / 00:00:10:000 para top(01)
Mensaje D / 00:02:45:000 / top(01) / 00:00:10:000 para Root(00)
Mensaje * / 00:02:55:000 / Root(00) para top(01)
Mensaje * / 00:02:55:000 / top(01) para buzzer(02)
Mensaje Y / 00:02:55:000 / buzzer(02) / buzzout /      1.00000 para top(01)
Mensaje D / 00:02:55:000 / buzzer(02) / ... para top(01)
Mensaje Y / 00:02:55:000 / top(01) / buzzout /      1.00000 para Root(00)
Mensaje D / 00:02:55:000 / top(01) / ... para Root(00)
