Mensaje I / 00:00:00:000 / Root(00) para top(01)
Mensaje I / 00:00:00:000 / top(01) para colordecider(02)
Mensaje D / 00:00:00:000 / colordecider(02) / ... para top(01)
Mensaje D / 00:00:00:000 / top(01) / ... para Root(00)
Mensaje X / 00:00:10:000 / Root(00) / cdin1 /      1.00000 para top(01)
Mensaje X / 00:00:10:000 / top(01) / cdin1 /      1.00000 para colordecider(02)
Mensaje D / 00:00:10:000 / colordecider(02) / 00:00:05:000 para top(01)
Mensaje D / 00:00:10:000 / top(01) / 00:00:05:000 para Root(00)
Mensaje X / 00:00:10:000 / Root(00) / cdin2 /      1.00000 para top(01)
Mensaje X / 00:00:10:000 / top(01) / cdin2 /      1.00000 para colordecider(02)
Mensaje D / 00:00:10:000 / colordecider(02) / 00:00:05:000 para top(01)
Mensaje D / 00:00:10:000 / top(01) / 00:00:05:000 para Root(00)
Mensaje * / 00:00:15:000 / Root(00) para top(01)
Mensaje * / 00:00:15:000 / top(01) para colordecider(02)
Mensaje Y / 00:00:15:000 / colordecider(02) / l_out /      1.00000 para top(01)
Mensaje Y / 00:00:15:000 / colordecider(02) / cdout /      2.00000 para top(01)
Mensaje D / 00:00:15:000 / colordecider(02) / ... para top(01)
Mensaje Y / 00:00:15:000 / top(01) / l_out /      1.00000 para Root(00)
Mensaje Y / 00:00:15:000 / top(01) / cdout /      2.00000 para Root(00)
Mensaje D / 00:00:15:000 / top(01) / ... para Root(00)
Mensaje X / 00:00:30:000 / Root(00) / cdin1 /      2.00000 para top(01)
Mensaje X / 00:00:30:000 / top(01) / cdin1 /      2.00000 para colordecider(02)
Mensaje D / 00:00:30:000 / colordecider(02) / 00:00:05:000 para top(01)
Mensaje D / 00:00:30:000 / top(01) / 00:00:05:000 para Root(00)
Mensaje X / 00:00:30:000 / Root(00) / cdin2 /      2.00000 para top(01)
Mensaje X / 00:00:30:000 / top(01) / cdin2 /      2.00000 para colordecider(02)
Mensaje D / 00:00:30:000 / colordecider(02) / 00:00:05:000 para top(01)
Mensaje D / 00:00:30:000 / top(01) / 00:00:05:000 para Root(00)
Mensaje * / 00:00:35:000 / Root(00) para top(01)
Mensaje * / 00:00:35:000 / top(01) para colordecider(02)
Mensaje Y / 00:00:35:000 / colordecider(02) / l_out /      2.00000 para top(01)
Mensaje Y / 00:00:35:000 / colordecider(02) / cdout /      3.00000 para top(01)
Mensaje D / 00:00:35:000 / colordecider(02) / ... para top(01)
Mensaje Y / 00:00:35:000 / top(01) / l_out /      2.00000 para Root(00)
Mensaje Y / 00:00:35:000 / top(01) / cdout /      3.00000 para Root(00)
Mensaje D / 00:00:35:000 / top(01) / ... para Root(00)
Mensaje X / 00:00:45:000 / Root(00) / cdin1 /      3.00000 para top(01)
Mensaje X / 00:00:45:000 / top(01) / cdin1 /      3.00000 para colordecider(02)
Mensaje D / 00:00:45:000 / colordecider(02) / 00:00:05:000 para top(01)
Mensaje D / 00:00:45:000 / top(01) / 00:00:05:000 para Root(00)
Mensaje X / 00:00:45:000 / Root(00) / cdin2 /      3.00000 para top(01)
Mensaje X / 00:00:45:000 / top(01) / cdin2 /      3.00000 para colordecider(02)
Mensaje D / 00:00:45:000 / colordecider(02) / 00:00:05:000 para top(01)
Mensaje D / 00:00:45:000 / top(01) / 00:00:05:000 para Root(00)
Mensaje * / 00:00:50:000 / Root(00) para top(01)
Mensaje * / 00:00:50:000 / top(01) para colordecider(02)
Mensaje Y / 00:00:50:000 / colordecider(02) / l_out /      3.00000 para top(01)
Mensaje Y / 00:00:50:000 / colordecider(02) / cdout /      1.00000 para top(01)
Mensaje D / 00:00:50:000 / colordecider(02) / ... para top(01)
Mensaje Y / 00:00:50:000 / top(01) / l_out /      3.00000 para Root(00)
Mensaje Y / 00:00:50:000 / top(01) / cdout /      1.00000 para Root(00)
Mensaje D / 00:00:50:000 / top(01) / ... para Root(00)
Mensaje X / 00:00:52:000 / Root(00) / cdin1 /      4.00000 para top(01)
Mensaje X / 00:00:52:000 / top(01) / cdin1 /      4.00000 para colordecider(02)
Mensaje D / 00:00:52:000 / colordecider(02) / 00:00:05:000 para top(01)
Mensaje D / 00:00:52:000 / top(01) / 00:00:05:000 para Root(00)
Mensaje X / 00:00:52:000 / Root(00) / cdin2 /      4.00000 para top(01)
Mensaje X / 00:00:52:000 / top(01) / cdin2 /      4.00000 para colordecider(02)
Mensaje D / 00:00:52:000 / colordecider(02) / 00:00:05:000 para top(01)
Mensaje D / 00:00:52:000 / top(01) / 00:00:05:000 para Root(00)
Mensaje * / 00:00:57:000 / Root(00) para top(01)
Mensaje * / 00:00:57:000 / top(01) para colordecider(02)
Mensaje Y / 00:00:57:000 / colordecider(02) / l_out /      4.00000 para top(01)
Mensaje D / 00:00:57:000 / colordecider(02) / ... para top(01)
Mensaje Y / 00:00:57:000 / top(01) / l_out /      4.00000 para Root(00)
Mensaje D / 00:00:57:000 / top(01) / ... para Root(00)
Mensaje X / 00:01:25:000 / Root(00) / cdin1 /      0.00000 para top(01)
Mensaje X / 00:01:25:000 / top(01) / cdin1 /      0.00000 para colordecider(02)
Mensaje D / 00:01:25:000 / colordecider(02) / 00:00:05:000 para top(01)
Mensaje D / 00:01:25:000 / top(01) / 00:00:05:000 para Root(00)
Mensaje X / 00:01:25:000 / Root(00) / cdin2 /      5.00000 para top(01)
Mensaje X / 00:01:25:000 / top(01) / cdin2 /      5.00000 para colordecider(02)
Mensaje D / 00:01:25:000 / colordecider(02) / 00:00:05:000 para top(01)
Mensaje D / 00:01:25:000 / top(01) / 00:00:05:000 para Root(00)
Mensaje * / 00:01:30:000 / Root(00) para top(01)
Mensaje * / 00:01:30:000 / top(01) para colordecider(02)
Mensaje Y / 00:01:30:000 / colordecider(02) / l_out /      5.00000 para top(01)
Mensaje Y / 00:01:30:000 / colordecider(02) / cdout /      1.00000 para top(01)
Mensaje D / 00:01:30:000 / colordecider(02) / ... para top(01)
Mensaje Y / 00:01:30:000 / top(01) / l_out /      5.00000 para Root(00)
Mensaje Y / 00:01:30:000 / top(01) / cdout /      1.00000 para Root(00)
Mensaje D / 00:01:30:000 / top(01) / ... para Root(00)
Mensaje X / 00:01:35:000 / Root(00) / cdin1 /      6.00000 para top(01)
Mensaje X / 00:01:35:000 / top(01) / cdin1 /      6.00000 para colordecider(02)
Mensaje D / 00:01:35:000 / colordecider(02) / 00:00:05:000 para top(01)
Mensaje D / 00:01:35:000 / top(01) / 00:00:05:000 para Root(00)
Mensaje X / 00:01:35:000 / Root(00) / cdin2 /      6.00000 para top(01)
Mensaje X / 00:01:35:000 / top(01) / cdin2 /      6.00000 para colordecider(02)
Mensaje D / 00:01:35:000 / colordecider(02) / 00:00:05:000 para top(01)
Mensaje D / 00:01:35:000 / top(01) / 00:00:05:000 para Root(00)
Mensaje * / 00:01:40:000 / Root(00) para top(01)
Mensaje * / 00:01:40:000 / top(01) para colordecider(02)
Mensaje Y / 00:01:40:000 / colordecider(02) / l_out /      6.00000 para top(01)
Mensaje D / 00:01:40:000 / colordecider(02) / ... para top(01)
Mensaje Y / 00:01:40:000 / top(01) / l_out /      6.00000 para Root(00)
Mensaje D / 00:01:40:000 / top(01) / ... para Root(00)
Mensaje X / 00:01:55:000 / Root(00) / cdin1 /      7.00000 para top(01)
Mensaje X / 00:01:55:000 / top(01) / cdin1 /      7.00000 para colordecider(02)
Mensaje D / 00:01:55:000 / colordecider(02) / 00:00:05:000 para top(01)
Mensaje D / 00:01:55:000 / top(01) / 00:00:05:000 para Root(00)
Mensaje X / 00:01:55:000 / Root(00) / cdin2 /      7.00000 para top(01)
Mensaje X / 00:01:55:000 / top(01) / cdin2 /      7.00000 para colordecider(02)
Mensaje D / 00:01:55:000 / colordecider(02) / 00:00:05:000 para top(01)
Mensaje D / 00:01:55:000 / top(01) / 00:00:05:000 para Root(00)
Mensaje * / 00:02:00:000 / Root(00) para top(01)
Mensaje * / 00:02:00:000 / top(01) para colordecider(02)
Mensaje Y / 00:02:00:000 / colordecider(02) / l_out /      7.00000 para top(01)
Mensaje D / 00:02:00:000 / colordecider(02) / ... para top(01)
Mensaje Y / 00:02:00:000 / top(01) / l_out /      7.00000 para Root(00)
Mensaje D / 00:02:00:000 / top(01) / ... para Root(00)
Mensaje X / 00:02:10:000 / Root(00) / cdin1 /      8.00000 para top(01)
Mensaje X / 00:02:10:000 / top(01) / cdin1 /      8.00000 para colordecider(02)
Mensaje D / 00:02:10:000 / colordecider(02) / 00:00:05:000 para top(01)
Mensaje D / 00:02:10:000 / top(01) / 00:00:05:000 para Root(00)
Mensaje X / 00:02:10:000 / Root(00) / cdin1 /     11.00000 para top(01)
Mensaje X / 00:02:10:000 / top(01) / cdin1 /     11.00000 para colordecider(02)
Mensaje D / 00:02:10:000 / colordecider(02) / 00:00:05:000 para top(01)
Mensaje D / 00:02:10:000 / top(01) / 00:00:05:000 para Root(00)
Mensaje X / 00:02:10:000 / Root(00) / cdin2 /      8.00000 para top(01)
Mensaje X / 00:02:10:000 / top(01) / cdin2 /      8.00000 para colordecider(02)
Mensaje D / 00:02:10:000 / colordecider(02) / 00:00:05:000 para top(01)
Mensaje D / 00:02:10:000 / top(01) / 00:00:05:000 para Root(00)
Mensaje X / 00:02:15:000 / Root(00) / cdin1 /     26.00000 para top(01)
Mensaje X / 00:02:15:000 / top(01) / cdin1 /     26.00000 para colordecider(02)
Mensaje D / 00:02:15:000 / colordecider(02) / 00:00:05:000 para top(01)
Mensaje D / 00:02:15:000 / top(01) / 00:00:05:000 para Root(00)
Mensaje X / 00:02:15:000 / Root(00) / cdin2 /      0.00000 para top(01)
Mensaje X / 00:02:15:000 / top(01) / cdin2 /      0.00000 para colordecider(02)
Mensaje D / 00:02:15:000 / colordecider(02) / 00:00:05:000 para top(01)
Mensaje D / 00:02:15:000 / top(01) / 00:00:05:000 para Root(00)
Mensaje X / 00:02:20:000 / Root(00) / cdin2 /     11.00000 para top(01)
Mensaje X / 00:02:20:000 / top(01) / cdin2 /     11.00000 para colordecider(02)
Mensaje D / 00:02:20:000 / colordecider(02) / 00:00:05:000 para top(01)
Mensaje D / 00:02:20:000 / top(01) / 00:00:05:000 para Root(00)
Mensaje * / 00:02:25:000 / Root(00) para top(01)
Mensaje * / 00:02:25:000 / top(01) para colordecider(02)
Mensaje Y / 00:02:25:000 / colordecider(02) / l_out /     11.00000 para top(01)
Mensaje D / 00:02:25:000 / colordecider(02) / ... para top(01)
Mensaje Y / 00:02:25:000 / top(01) / l_out /     11.00000 para Root(00)
Mensaje D / 00:02:25:000 / top(01) / ... para Root(00)
Mensaje X / 00:02:30:000 / Root(00) / cdin1 /      9.00000 para top(01)
Mensaje X / 00:02:30:000 / top(01) / cdin1 /      9.00000 para colordecider(02)
Mensaje D / 00:02:30:000 / colordecider(02) / 00:00:05:000 para top(01)
Mensaje D / 00:02:30:000 / top(01) / 00:00:05:000 para Root(00)
Mensaje X / 00:02:30:000 / Root(00) / cdin2 /      9.00000 para top(01)
Mensaje X / 00:02:30:000 / top(01) / cdin2 /      9.00000 para colordecider(02)
Mensaje D / 00:02:30:000 / colordecider(02) / 00:00:05:000 para top(01)
Mensaje D / 00:02:30:000 / top(01) / 00:00:05:000 para Root(00)
Mensaje * / 00:02:35:000 / Root(00) para top(01)
Mensaje * / 00:02:35:000 / top(01) para colordecider(02)
Mensaje Y / 00:02:35:000 / colordecider(02) / l_out /      9.00000 para top(01)
Mensaje D / 00:02:35:000 / colordecider(02) / ... para top(01)
Mensaje Y / 00:02:35:000 / top(01) / l_out /      9.00000 para Root(00)
Mensaje D / 00:02:35:000 / top(01) / ... para Root(00)
Mensaje X / 00:02:45:000 / Root(00) / cdin1 /     10.00000 para top(01)
Mensaje X / 00:02:45:000 / top(01) / cdin1 /     10.00000 para colordecider(02)
Mensaje D / 00:02:45:000 / colordecider(02) / 00:00:05:000 para top(01)
Mensaje D / 00:02:45:000 / top(01) / 00:00:05:000 para Root(00)
Mensaje X / 00:02:45:000 / Root(00) / cdin2 /     10.00000 para top(01)
Mensaje X / 00:02:45:000 / top(01) / cdin2 /     10.00000 para colordecider(02)
Mensaje D / 00:02:45:000 / colordecider(02) / 00:00:05:000 para top(01)
Mensaje D / 00:02:45:000 / top(01) / 00:00:05:000 para Root(00)
Mensaje * / 00:02:50:000 / Root(00) para top(01)
Mensaje * / 00:02:50:000 / top(01) para colordecider(02)
Mensaje Y / 00:02:50:000 / colordecider(02) / l_out /     10.00000 para top(01)
Mensaje D / 00:02:50:000 / colordecider(02) / ... para top(01)
Mensaje Y / 00:02:50:000 / top(01) / l_out /     10.00000 para Root(00)
Mensaje D / 00:02:50:000 / top(01) / ... para Root(00)
