Mensaje I / 00:00:00:000 / Root(00) para top(01)
Mensaje I / 00:00:00:000 / top(01) para displaypanel(02)
Mensaje D / 00:00:00:000 / displaypanel(02) / ... para top(01)
Mensaje D / 00:00:00:000 / top(01) / ... para Root(00)
Mensaje X / 00:00:10:000 / Root(00) / dpin1 /      1.00000 para top(01)
Mensaje X / 00:00:10:000 / top(01) / dpin1 /      1.00000 para displaypanel(02)
Mensaje D / 00:00:10:000 / displaypanel(02) / 00:00:02:000 para top(01)
Mensaje D / 00:00:10:000 / top(01) / 00:00:02:000 para Root(00)
Mensaje X / 00:00:10:000 / Root(00) / dpin2 /      1.00000 para top(01)
Mensaje X / 00:00:10:000 / top(01) / dpin2 /      1.00000 para displaypanel(02)
Mensaje D / 00:00:10:000 / displaypanel(02) / 00:00:02:000 para top(01)
Mensaje D / 00:00:10:000 / top(01) / 00:00:02:000 para Root(00)
Mensaje * / 00:00:12:000 / Root(00) para top(01)
Mensaje * / 00:00:12:000 / top(01) para displaypanel(02)
Mensaje Y / 00:00:12:000 / displaypanel(02) / dplevel /      1.00000 para top(01)
Mensaje Y / 00:00:12:000 / displaypanel(02) / redout /      1.00000 para top(01)
Mensaje D / 00:00:12:000 / displaypanel(02) / ... para top(01)
Mensaje Y / 00:00:12:000 / top(01) / dplevel /      1.00000 para Root(00)
Mensaje Y / 00:00:12:000 / top(01) / redout /      1.00000 para Root(00)
Mensaje D / 00:00:12:000 / top(01) / ... para Root(00)
Mensaje X / 00:00:30:000 / Root(00) / dpin1 /      2.00000 para top(01)
Mensaje X / 00:00:30:000 / top(01) / dpin1 /      2.00000 para displaypanel(02)
Mensaje D / 00:00:30:000 / displaypanel(02) / 00:00:02:000 para top(01)
Mensaje D / 00:00:30:000 / top(01) / 00:00:02:000 para Root(00)
Mensaje X / 00:00:30:000 / Root(00) / dpin2 /      2.00000 para top(01)
Mensaje X / 00:00:30:000 / top(01) / dpin2 /      2.00000 para displaypanel(02)
Mensaje D / 00:00:30:000 / displaypanel(02) / 00:00:02:000 para top(01)
Mensaje D / 00:00:30:000 / top(01) / 00:00:02:000 para Root(00)
Mensaje * / 00:00:32:000 / Root(00) para top(01)
Mensaje * / 00:00:32:000 / top(01) para displaypanel(02)
Mensaje Y / 00:00:32:000 / displaypanel(02) / dplevel /      2.00000 para top(01)
Mensaje Y / 00:00:32:000 / displaypanel(02) / greenout /      1.00000 para top(01)
Mensaje D / 00:00:32:000 / displaypanel(02) / ... para top(01)
Mensaje Y / 00:00:32:000 / top(01) / dplevel /      2.00000 para Root(00)
Mensaje Y / 00:00:32:000 / top(01) / greenout /      1.00000 para Root(00)
Mensaje D / 00:00:32:000 / top(01) / ... para Root(00)
Mensaje X / 00:00:45:000 / Root(00) / dpin1 /      3.00000 para top(01)
Mensaje X / 00:00:45:000 / top(01) / dpin1 /      3.00000 para displaypanel(02)
Mensaje D / 00:00:45:000 / displaypanel(02) / 00:00:02:000 para top(01)
Mensaje D / 00:00:45:000 / top(01) / 00:00:02:000 para Root(00)
Mensaje X / 00:00:45:000 / Root(00) / dpin2 /      3.00000 para top(01)
Mensaje X / 00:00:45:000 / top(01) / dpin2 /      3.00000 para displaypanel(02)
Mensaje D / 00:00:45:000 / displaypanel(02) / 00:00:02:000 para top(01)
Mensaje D / 00:00:45:000 / top(01) / 00:00:02:000 para Root(00)
Mensaje * / 00:00:47:000 / Root(00) para top(01)
Mensaje * / 00:00:47:000 / top(01) para displaypanel(02)
Mensaje Y / 00:00:47:000 / displaypanel(02) / dplevel /      3.00000 para top(01)
Mensaje Y / 00:00:47:000 / displaypanel(02) / yellowout /      1.00000 para top(01)
Mensaje D / 00:00:47:000 / displaypanel(02) / ... para top(01)
Mensaje Y / 00:00:47:000 / top(01) / dplevel /      3.00000 para Root(00)
Mensaje Y / 00:00:47:000 / top(01) / yellowout /      1.00000 para Root(00)
Mensaje D / 00:00:47:000 / top(01) / ... para Root(00)
Mensaje X / 00:00:52:000 / Root(00) / dpin1 /      4.00000 para top(01)
Mensaje X / 00:00:52:000 / top(01) / dpin1 /      4.00000 para displaypanel(02)
Mensaje D / 00:00:52:000 / displaypanel(02) / 00:00:02:000 para top(01)
Mensaje D / 00:00:52:000 / top(01) / 00:00:02:000 para Root(00)
Mensaje X / 00:00:52:000 / Root(00) / dpin2 /      4.00000 para top(01)
Mensaje X / 00:00:52:000 / top(01) / dpin2 /      4.00000 para displaypanel(02)
Mensaje D / 00:00:52:000 / displaypanel(02) / 00:00:02:000 para top(01)
Mensaje D / 00:00:52:000 / top(01) / 00:00:02:000 para Root(00)
Mensaje * / 00:00:54:000 / Root(00) para top(01)
Mensaje * / 00:00:54:000 / top(01) para displaypanel(02)
Mensaje Y / 00:00:54:000 / displaypanel(02) / dplevel /      4.00000 para top(01)
Mensaje D / 00:00:54:000 / displaypanel(02) / ... para top(01)
Mensaje Y / 00:00:54:000 / top(01) / dplevel /      4.00000 para Root(00)
Mensaje D / 00:00:54:000 / top(01) / ... para Root(00)
Mensaje X / 00:01:25:000 / Root(00) / dpin1 /      0.00000 para top(01)
Mensaje X / 00:01:25:000 / top(01) / dpin1 /      0.00000 para displaypanel(02)
Mensaje D / 00:01:25:000 / displaypanel(02) / 00:00:02:000 para top(01)
Mensaje D / 00:01:25:000 / top(01) / 00:00:02:000 para Root(00)
Mensaje X / 00:01:25:000 / Root(00) / dpin2 /      5.00000 para top(01)
Mensaje X / 00:01:25:000 / top(01) / dpin2 /      5.00000 para displaypanel(02)
Mensaje D / 00:01:25:000 / displaypanel(02) / 00:00:02:000 para top(01)
Mensaje D / 00:01:25:000 / top(01) / 00:00:02:000 para Root(00)
Mensaje * / 00:01:27:000 / Root(00) para top(01)
Mensaje * / 00:01:27:000 / top(01) para displaypanel(02)
Mensaje Y / 00:01:27:000 / displaypanel(02) / dplevel /      5.00000 para top(01)
Mensaje D / 00:01:27:000 / displaypanel(02) / ... para top(01)
Mensaje Y / 00:01:27:000 / top(01) / dplevel /      5.00000 para Root(00)
Mensaje D / 00:01:27:000 / top(01) / ... para Root(00)
Mensaje X / 00:01:35:000 / Root(00) / dpin1 /      6.00000 para top(01)
Mensaje X / 00:01:35:000 / top(01) / dpin1 /      6.00000 para displaypanel(02)
Mensaje D / 00:01:35:000 / displaypanel(02) / 00:00:02:000 para top(01)
Mensaje D / 00:01:35:000 / top(01) / 00:00:02:000 para Root(00)
Mensaje X / 00:01:35:000 / Root(00) / dpin2 /      6.00000 para top(01)
Mensaje X / 00:01:35:000 / top(01) / dpin2 /      6.00000 para displaypanel(02)
Mensaje D / 00:01:35:000 / displaypanel(02) / 00:00:02:000 para top(01)
Mensaje D / 00:01:35:000 / top(01) / 00:00:02:000 para Root(00)
Mensaje * / 00:01:37:000 / Root(00) para top(01)
Mensaje * / 00:01:37:000 / top(01) para displaypanel(02)
Mensaje Y / 00:01:37:000 / displaypanel(02) / dplevel /      6.00000 para top(01)
Mensaje D / 00:01:37:000 / displaypanel(02) / ... para top(01)
Mensaje Y / 00:01:37:000 / top(01) / dplevel /      6.00000 para Root(00)
Mensaje D / 00:01:37:000 / top(01) / ... para Root(00)
Mensaje X / 00:01:55:000 / Root(00) / dpin1 /      7.00000 para top(01)
Mensaje X / 00:01:55:000 / top(01) / dpin1 /      7.00000 para displaypanel(02)
Mensaje D / 00:01:55:000 / displaypanel(02) / 00:00:02:000 para top(01)
Mensaje D / 00:01:55:000 / top(01) / 00:00:02:000 para Root(00)
Mensaje X / 00:01:55:000 / Root(00) / dpin2 /      7.00000 para top(01)
Mensaje X / 00:01:55:000 / top(01) / dpin2 /      7.00000 para displaypanel(02)
Mensaje D / 00:01:55:000 / displaypanel(02) / 00:00:02:000 para top(01)
Mensaje D / 00:01:55:000 / top(01) / 00:00:02:000 para Root(00)
Mensaje * / 00:01:57:000 / Root(00) para top(01)
Mensaje * / 00:01:57:000 / top(01) para displaypanel(02)
Mensaje Y / 00:01:57:000 / displaypanel(02) / dplevel /      7.00000 para top(01)
Mensaje D / 00:01:57:000 / displaypanel(02) / ... para top(01)
Mensaje Y / 00:01:57:000 / top(01) / dplevel /      7.00000 para Root(00)
Mensaje D / 00:01:57:000 / top(01) / ... para Root(00)
Mensaje X / 00:02:10:000 / Root(00) / dpin1 /      8.00000 para top(01)
Mensaje X / 00:02:10:000 / top(01) / dpin1 /      8.00000 para displaypanel(02)
Mensaje D / 00:02:10:000 / displaypanel(02) / 00:00:02:000 para top(01)
Mensaje D / 00:02:10:000 / top(01) / 00:00:02:000 para Root(00)
Mensaje X / 00:02:10:000 / Root(00) / dpin1 /     11.00000 para top(01)
Mensaje X / 00:02:10:000 / top(01) / dpin1 /     11.00000 para displaypanel(02)
Mensaje D / 00:02:10:000 / displaypanel(02) / 00:00:02:000 para top(01)
Mensaje D / 00:02:10:000 / top(01) / 00:00:02:000 para Root(00)
Mensaje X / 00:02:10:000 / Root(00) / dpin2 /      8.00000 para top(01)
Mensaje X / 00:02:10:000 / top(01) / dpin2 /      8.00000 para displaypanel(02)
Mensaje D / 00:02:10:000 / displaypanel(02) / 00:00:02:000 para top(01)
Mensaje D / 00:02:10:000 / top(01) / 00:00:02:000 para Root(00)
Mensaje * / 00:02:12:000 / Root(00) para top(01)
Mensaje * / 00:02:12:000 / top(01) para displaypanel(02)
Mensaje Y / 00:02:12:000 / displaypanel(02) / dplevel /      8.00000 para top(01)
Mensaje D / 00:02:12:000 / displaypanel(02) / ... para top(01)
Mensaje Y / 00:02:12:000 / top(01) / dplevel /      8.00000 para Root(00)
Mensaje D / 00:02:12:000 / top(01) / ... para Root(00)
Mensaje X / 00:02:15:000 / Root(00) / dpin1 /     26.00000 para top(01)
Mensaje X / 00:02:15:000 / top(01) / dpin1 /     26.00000 para displaypanel(02)
Mensaje D / 00:02:15:000 / displaypanel(02) / 00:00:02:000 para top(01)
Mensaje D / 00:02:15:000 / top(01) / 00:00:02:000 para Root(00)
Mensaje X / 00:02:15:000 / Root(00) / dpin2 /      0.00000 para top(01)
Mensaje X / 00:02:15:000 / top(01) / dpin2 /      0.00000 para displaypanel(02)
Mensaje D / 00:02:15:000 / displaypanel(02) / 00:00:02:000 para top(01)
Mensaje D / 00:02:15:000 / top(01) / 00:00:02:000 para Root(00)
Mensaje * / 00:02:17:000 / Root(00) para top(01)
Mensaje * / 00:02:17:000 / top(01) para displaypanel(02)
Mensaje Y / 00:02:17:000 / displaypanel(02) / dplevel /      0.00000 para top(01)
Mensaje D / 00:02:17:000 / displaypanel(02) / ... para top(01)
Mensaje Y / 00:02:17:000 / top(01) / dplevel /      0.00000 para Root(00)
Mensaje D / 00:02:17:000 / top(01) / ... para Root(00)
Mensaje X / 00:02:20:000 / Root(00) / dpin2 /     11.00000 para top(01)
Mensaje X / 00:02:20:000 / top(01) / dpin2 /     11.00000 para displaypanel(02)
Mensaje D / 00:02:20:000 / displaypanel(02) / 00:00:02:000 para top(01)
Mensaje D / 00:02:20:000 / top(01) / 00:00:02:000 para Root(00)
Mensaje * / 00:02:22:000 / Root(00) para top(01)
Mensaje * / 00:02:22:000 / top(01) para displaypanel(02)
Mensaje Y / 00:02:22:000 / displaypanel(02) / dplevel /     11.00000 para top(01)
Mensaje D / 00:02:22:000 / displaypanel(02) / ... para top(01)
Mensaje Y / 00:02:22:000 / top(01) / dplevel /     11.00000 para Root(00)
Mensaje D / 00:02:22:000 / top(01) / ... para Root(00)
Mensaje X / 00:02:30:000 / Root(00) / dpin1 /      9.00000 para top(01)
Mensaje X / 00:02:30:000 / top(01) / dpin1 /      9.00000 para displaypanel(02)
Mensaje D / 00:02:30:000 / displaypanel(02) / 00:00:02:000 para top(01)
Mensaje D / 00:02:30:000 / top(01) / 00:00:02:000 para Root(00)
Mensaje X / 00:02:30:000 / Root(00) / dpin2 /      9.00000 para top(01)
Mensaje X / 00:02:30:000 / top(01) / dpin2 /      9.00000 para displaypanel(02)
Mensaje D / 00:02:30:000 / displaypanel(02) / 00:00:02:000 para top(01)
Mensaje D / 00:02:30:000 / top(01) / 00:00:02:000 para Root(00)
Mensaje * / 00:02:32:000 / Root(00) para top(01)
Mensaje * / 00:02:32:000 / top(01) para displaypanel(02)
Mensaje Y / 00:02:32:000 / displaypanel(02) / dplevel /      9.00000 para top(01)
Mensaje D / 00:02:32:000 / displaypanel(02) / ... para top(01)
Mensaje Y / 00:02:32:000 / top(01) / dplevel /      9.00000 para Root(00)
Mensaje D / 00:02:32:000 / top(01) / ... para Root(00)
Mensaje X / 00:02:45:000 / Root(00) / dpin1 /     10.00000 para top(01)
Mensaje X / 00:02:45:000 / top(01) / dpin1 /     10.00000 para displaypanel(02)
Mensaje D / 00:02:45:000 / displaypanel(02) / 00:00:02:000 para top(01)
Mensaje D / 00:02:45:000 / top(01) / 00:00:02:000 para Root(00)
Mensaje X / 00:02:45:000 / Root(00) / dpin2 /     10.00000 para top(01)
Mensaje X / 00:02:45:000 / top(01) / dpin2 /     10.00000 para displaypanel(02)
Mensaje D / 00:02:45:000 / displaypanel(02) / 00:00:02:000 para top(01)
Mensaje D / 00:02:45:000 / top(01) / 00:00:02:000 para Root(00)
Mensaje * / 00:02:47:000 / Root(00) para top(01)
Mensaje * / 00:02:47:000 / top(01) para displaypanel(02)
Mensaje Y / 00:02:47:000 / displaypanel(02) / dplevel /     10.00000 para top(01)
Mensaje D / 00:02:47:000 / displaypanel(02) / ... para top(01)
Mensaje Y / 00:02:47:000 / top(01) / dplevel /     10.00000 para Root(00)
Mensaje D / 00:02:47:000 / top(01) / ... para Root(00)
