Mensaje I / 00:00:00:000 / Root(00) para top(01)
Mensaje I / 00:00:00:000 / top(01) para adc(02)
Mensaje I / 00:00:00:000 / top(01) para colordecider(03)
Mensaje I / 00:00:00:000 / top(01) para buzzer(04)
Mensaje I / 00:00:00:000 / top(01) para displaypanel(05)
Mensaje D / 00:00:00:000 / adc(02) / ... para top(01)
Mensaje D / 00:00:00:000 / colordecider(03) / ... para top(01)
Mensaje D / 00:00:00:000 / buzzer(04) / ... para top(01)
Mensaje D / 00:00:00:000 / displaypanel(05) / ... para top(01)
Mensaje D / 00:00:00:000 / top(01) / ... para Root(00)
Mensaje X / 00:00:10:000 / Root(00) / sin /      0.00000 para top(01)
Mensaje X / 00:00:10:000 / top(01) / sin /      0.00000 para adc(02)
Mensaje D / 00:00:10:000 / adc(02) / 00:00:10:000 para top(01)
Mensaje D / 00:00:10:000 / top(01) / 00:00:10:000 para Root(00)
Mensaje * / 00:00:20:000 / Root(00) para top(01)
Mensaje * / 00:00:20:000 / top(01) para adc(02)
Mensaje Y / 00:00:20:000 / adc(02) / levelout /      0.00000 para top(01)
Mensaje Y / 00:00:20:000 / adc(02) / digout /      0.00000 para top(01)
Mensaje Y / 00:00:20:000 / adc(02) / tobuzz /      0.00000 para top(01)
Mensaje D / 00:00:20:000 / adc(02) / ... para top(01)
Mensaje X / 00:00:20:000 / top(01) / cdin2 /      0.00000 para colordecider(03)
Mensaje X / 00:00:20:000 / top(01) / cdin1 /      0.00000 para colordecider(03)
Mensaje X / 00:00:20:000 / top(01) / buzzin /      0.00000 para buzzer(04)
Mensaje D / 00:00:20:000 / colordecider(03) / 00:00:05:000 para top(01)
Mensaje D / 00:00:20:000 / colordecider(03) / 00:00:05:000 para top(01)
Mensaje D / 00:00:20:000 / buzzer(04) / 00:00:10:000 para top(01)
Mensaje D / 00:00:20:000 / top(01) / 00:00:05:000 para Root(00)
Mensaje * / 00:00:25:000 / Root(00) para top(01)
Mensaje * / 00:00:25:000 / top(01) para colordecider(03)
Mensaje Y / 00:00:25:000 / colordecider(03) / l_out /      0.00000 para top(01)
Mensaje Y / 00:00:25:000 / colordecider(03) / cdout /      1.00000 para top(01)
Mensaje D / 00:00:25:000 / colordecider(03) / ... para top(01)
Mensaje X / 00:00:25:000 / top(01) / dpin2 /      0.00000 para displaypanel(05)
Mensaje X / 00:00:25:000 / top(01) / dpin1 /      1.00000 para displaypanel(05)
Mensaje D / 00:00:25:000 / displaypanel(05) / 00:00:02:000 para top(01)
Mensaje D / 00:00:25:000 / displaypanel(05) / 00:00:02:000 para top(01)
Mensaje D / 00:00:25:000 / top(01) / 00:00:02:000 para Root(00)
Mensaje * / 00:00:27:000 / Root(00) para top(01)
Mensaje * / 00:00:27:000 / top(01) para displaypanel(05)
Mensaje Y / 00:00:27:000 / displaypanel(05) / dplevel /      0.00000 para top(01)
Mensaje Y / 00:00:27:000 / displaypanel(05) / redout /      1.00000 para top(01)
Mensaje D / 00:00:27:000 / displaypanel(05) / ... para top(01)
Mensaje Y / 00:00:27:000 / top(01) / dplevel /      0.00000 para Root(00)
Mensaje Y / 00:00:27:000 / top(01) / redout /      1.00000 para Root(00)
Mensaje D / 00:00:27:000 / top(01) / 00:00:03:000 para Root(00)
Mensaje * / 00:00:30:000 / Root(00) para top(01)
Mensaje * / 00:00:30:000 / top(01) para buzzer(04)
Mensaje Y / 00:00:30:000 / buzzer(04) / buzzout /      1.00000 para top(01)
Mensaje D / 00:00:30:000 / buzzer(04) / ... para top(01)
Mensaje Y / 00:00:30:000 / top(01) / buzzout /      1.00000 para Root(00)
Mensaje D / 00:00:30:000 / top(01) / ... para Root(00)
Mensaje X / 00:00:31:000 / Root(00) / sin /      2.00000 para top(01)
Mensaje X / 00:00:31:000 / top(01) / sin /      2.00000 para adc(02)
Mensaje D / 00:00:31:000 / adc(02) / 00:00:10:000 para top(01)
Mensaje D / 00:00:31:000 / top(01) / 00:00:10:000 para Root(00)
Mensaje * / 00:00:41:000 / Root(00) para top(01)
Mensaje * / 00:00:41:000 / top(01) para adc(02)
Mensaje Y / 00:00:41:000 / adc(02) / levelout /      2.00000 para top(01)
Mensaje Y / 00:00:41:000 / adc(02) / digout /      0.00000 para top(01)
Mensaje Y / 00:00:41:000 / adc(02) / tobuzz /      0.00000 para top(01)
Mensaje D / 00:00:41:000 / adc(02) / ... para top(01)
Mensaje X / 00:00:41:000 / top(01) / cdin2 /      2.00000 para colordecider(03)
Mensaje X / 00:00:41:000 / top(01) / cdin1 /      0.00000 para colordecider(03)
Mensaje X / 00:00:41:000 / top(01) / buzzin /      0.00000 para buzzer(04)
Mensaje D / 00:00:41:000 / colordecider(03) / 00:00:05:000 para top(01)
Mensaje D / 00:00:41:000 / colordecider(03) / 00:00:05:000 para top(01)
Mensaje D / 00:00:41:000 / buzzer(04) / 00:00:10:000 para top(01)
Mensaje D / 00:00:41:000 / top(01) / 00:00:05:000 para Root(00)
Mensaje X / 00:00:45:000 / Root(00) / sin /      3.00000 para top(01)
Mensaje X / 00:00:45:000 / top(01) / sin /      3.00000 para adc(02)
Mensaje D / 00:00:45:000 / adc(02) / 00:00:10:000 para top(01)
Mensaje D / 00:00:45:000 / top(01) / 00:00:01:000 para Root(00)
Mensaje * / 00:00:46:000 / Root(00) para top(01)
Mensaje * / 00:00:46:000 / top(01) para colordecider(03)
Mensaje Y / 00:00:46:000 / colordecider(03) / l_out /      2.00000 para top(01)
Mensaje Y / 00:00:46:000 / colordecider(03) / cdout /      1.00000 para top(01)
Mensaje D / 00:00:46:000 / colordecider(03) / ... para top(01)
Mensaje X / 00:00:46:000 / top(01) / dpin2 /      2.00000 para displaypanel(05)
Mensaje X / 00:00:46:000 / top(01) / dpin1 /      1.00000 para displaypanel(05)
Mensaje D / 00:00:46:000 / displaypanel(05) / 00:00:02:000 para top(01)
Mensaje D / 00:00:46:000 / displaypanel(05) / 00:00:02:000 para top(01)
Mensaje D / 00:00:46:000 / top(01) / 00:00:02:000 para Root(00)
Mensaje * / 00:00:48:000 / Root(00) para top(01)
Mensaje * / 00:00:48:000 / top(01) para displaypanel(05)
Mensaje Y / 00:00:48:000 / displaypanel(05) / dplevel /      2.00000 para top(01)
Mensaje Y / 00:00:48:000 / displaypanel(05) / redout /      1.00000 para top(01)
Mensaje D / 00:00:48:000 / displaypanel(05) / ... para top(01)
Mensaje Y / 00:00:48:000 / top(01) / dplevel /      2.00000 para Root(00)
Mensaje Y / 00:00:48:000 / top(01) / redout /      1.00000 para Root(00)
Mensaje D / 00:00:48:000 / top(01) / 00:00:03:000 para Root(00)
Mensaje * / 00:00:51:000 / Root(00) para top(01)
Mensaje * / 00:00:51:000 / top(01) para buzzer(04)
Mensaje Y / 00:00:51:000 / buzzer(04) / buzzout /      1.00000 para top(01)
Mensaje D / 00:00:51:000 / buzzer(04) / ... para top(01)
Mensaje Y / 00:00:51:000 / top(01) / buzzout /      1.00000 para Root(00)
Mensaje D / 00:00:51:000 / top(01) / 00:00:04:000 para Root(00)
Mensaje X / 00:00:52:000 / Root(00) / sin /      4.00000 para top(01)
Mensaje X / 00:00:52:000 / top(01) / sin /      4.00000 para adc(02)
Mensaje D / 00:00:52:000 / adc(02) / 00:00:10:000 para top(01)
Mensaje D / 00:00:52:000 / top(01) / 00:00:10:000 para Root(00)
Mensaje * / 00:01:02:000 / Root(00) para top(01)
Mensaje * / 00:01:02:000 / top(01) para adc(02)
Mensaje Y / 00:01:02:000 / adc(02) / levelout /      4.00000 para top(01)
Mensaje Y / 00:01:02:000 / adc(02) / digout /      1.00000 para top(01)
Mensaje D / 00:01:02:000 / adc(02) / ... para top(01)
Mensaje X / 00:01:02:000 / top(01) / cdin2 /      4.00000 para colordecider(03)
Mensaje X / 00:01:02:000 / top(01) / cdin1 /      1.00000 para colordecider(03)
Mensaje D / 00:01:02:000 / colordecider(03) / 00:00:05:000 para top(01)
Mensaje D / 00:01:02:000 / colordecider(03) / 00:00:05:000 para top(01)
Mensaje D / 00:01:02:000 / top(01) / 00:00:05:000 para Root(00)
Mensaje * / 00:01:07:000 / Root(00) para top(01)
Mensaje * / 00:01:07:000 / top(01) para colordecider(03)
Mensaje Y / 00:01:07:000 / colordecider(03) / l_out /      4.00000 para top(01)
Mensaje Y / 00:01:07:000 / colordecider(03) / cdout /      2.00000 para top(01)
Mensaje D / 00:01:07:000 / colordecider(03) / ... para top(01)
Mensaje X / 00:01:07:000 / top(01) / dpin2 /      4.00000 para displaypanel(05)
Mensaje X / 00:01:07:000 / top(01) / dpin1 /      2.00000 para displaypanel(05)
Mensaje D / 00:01:07:000 / displaypanel(05) / 00:00:02:000 para top(01)
Mensaje D / 00:01:07:000 / displaypanel(05) / 00:00:02:000 para top(01)
Mensaje D / 00:01:07:000 / top(01) / 00:00:02:000 para Root(00)
Mensaje * / 00:01:09:000 / Root(00) para top(01)
Mensaje * / 00:01:09:000 / top(01) para displaypanel(05)
Mensaje Y / 00:01:09:000 / displaypanel(05) / dplevel /      4.00000 para top(01)
Mensaje Y / 00:01:09:000 / displaypanel(05) / greenout /      1.00000 para top(01)
Mensaje D / 00:01:09:000 / displaypanel(05) / ... para top(01)
Mensaje Y / 00:01:09:000 / top(01) / dplevel /      4.00000 para Root(00)
Mensaje Y / 00:01:09:000 / top(01) / greenout /      1.00000 para Root(00)
Mensaje D / 00:01:09:000 / top(01) / ... para Root(00)
Mensaje X / 00:01:25:000 / Root(00) / sin /      5.00000 para top(01)
Mensaje X / 00:01:25:000 / top(01) / sin /      5.00000 para adc(02)
Mensaje D / 00:01:25:000 / adc(02) / 00:00:10:000 para top(01)
Mensaje D / 00:01:25:000 / top(01) / 00:00:10:000 para Root(00)
Mensaje X / 00:01:25:000 / Root(00) / sin /     38.00000 para top(01)
Mensaje X / 00:01:25:000 / top(01) / sin /     38.00000 para adc(02)
Mensaje D / 00:01:25:000 / adc(02) / 00:00:10:000 para top(01)
Mensaje D / 00:01:25:000 / top(01) / 00:00:10:000 para Root(00)
Mensaje * / 00:01:35:000 / Root(00) para top(01)
Mensaje * / 00:01:35:000 / top(01) para adc(02)
Mensaje D / 00:01:35:000 / adc(02) / ... para top(01)
Mensaje D / 00:01:35:000 / top(01) / ... para Root(00)
Mensaje X / 00:01:37:000 / Root(00) / sin /      6.00000 para top(01)
Mensaje X / 00:01:37:000 / top(01) / sin /      6.00000 para adc(02)
Mensaje D / 00:01:37:000 / adc(02) / 00:00:10:000 para top(01)
Mensaje D / 00:01:37:000 / top(01) / 00:00:10:000 para Root(00)
Mensaje * / 00:01:47:000 / Root(00) para top(01)
Mensaje * / 00:01:47:000 / top(01) para adc(02)
Mensaje Y / 00:01:47:000 / adc(02) / levelout /      6.00000 para top(01)
Mensaje Y / 00:01:47:000 / adc(02) / digout /      1.00000 para top(01)
Mensaje D / 00:01:47:000 / adc(02) / ... para top(01)
Mensaje X / 00:01:47:000 / top(01) / cdin2 /      6.00000 para colordecider(03)
Mensaje X / 00:01:47:000 / top(01) / cdin1 /      1.00000 para colordecider(03)
Mensaje D / 00:01:47:000 / colordecider(03) / 00:00:05:000 para top(01)
Mensaje D / 00:01:47:000 / colordecider(03) / 00:00:05:000 para top(01)
Mensaje D / 00:01:47:000 / top(01) / 00:00:05:000 para Root(00)
Mensaje * / 00:01:52:000 / Root(00) para top(01)
Mensaje * / 00:01:52:000 / top(01) para colordecider(03)
Mensaje Y / 00:01:52:000 / colordecider(03) / l_out /      6.00000 para top(01)
Mensaje Y / 00:01:52:000 / colordecider(03) / cdout /      2.00000 para top(01)
Mensaje D / 00:01:52:000 / colordecider(03) / ... para top(01)
Mensaje X / 00:01:52:000 / top(01) / dpin2 /      6.00000 para displaypanel(05)
Mensaje X / 00:01:52:000 / top(01) / dpin1 /      2.00000 para displaypanel(05)
Mensaje D / 00:01:52:000 / displaypanel(05) / 00:00:02:000 para top(01)
Mensaje D / 00:01:52:000 / displaypanel(05) / 00:00:02:000 para top(01)
Mensaje D / 00:01:52:000 / top(01) / 00:00:02:000 para Root(00)
Mensaje * / 00:01:54:000 / Root(00) para top(01)
Mensaje * / 00:01:54:000 / top(01) para displaypanel(05)
Mensaje Y / 00:01:54:000 / displaypanel(05) / dplevel /      6.00000 para top(01)
Mensaje Y / 00:01:54:000 / displaypanel(05) / greenout /      1.00000 para top(01)
Mensaje D / 00:01:54:000 / displaypanel(05) / ... para top(01)
Mensaje Y / 00:01:54:000 / top(01) / dplevel /      6.00000 para Root(00)
Mensaje Y / 00:01:54:000 / top(01) / greenout /      1.00000 para Root(00)
Mensaje D / 00:01:54:000 / top(01) / ... para Root(00)
Mensaje X / 00:01:55:000 / Root(00) / sin /      7.00000 para top(01)
Mensaje X / 00:01:55:000 / top(01) / sin /      7.00000 para adc(02)
Mensaje D / 00:01:55:000 / adc(02) / 00:00:10:000 para top(01)
Mensaje D / 00:01:55:000 / top(01) / 00:00:10:000 para Root(00)
Mensaje * / 00:02:05:000 / Root(00) para top(01)
Mensaje * / 00:02:05:000 / top(01) para adc(02)
Mensaje Y / 00:02:05:000 / adc(02) / levelout /      7.00000 para top(01)
Mensaje Y / 00:02:05:000 / adc(02) / digout /      1.00000 para top(01)
Mensaje D / 00:02:05:000 / adc(02) / ... para top(01)
Mensaje X / 00:02:05:000 / top(01) / cdin2 /      7.00000 para colordecider(03)
Mensaje X / 00:02:05:000 / top(01) / cdin1 /      1.00000 para colordecider(03)
Mensaje D / 00:02:05:000 / colordecider(03) / 00:00:05:000 para top(01)
Mensaje D / 00:02:05:000 / colordecider(03) / 00:00:05:000 para top(01)
Mensaje D / 00:02:05:000 / top(01) / 00:00:05:000 para Root(00)
Mensaje X / 00:02:10:000 / Root(00) / sin /      8.00000 para top(01)
Mensaje X / 00:02:10:000 / top(01) / sin /      8.00000 para adc(02)
Mensaje D / 00:02:10:000 / adc(02) / 00:00:10:000 para top(01)
Mensaje D / 00:02:10:000 / top(01) / 00:00:00:000 para Root(00)
Mensaje X / 00:02:10:000 / Root(00) / sin /     11.00000 para top(01)
Mensaje X / 00:02:10:000 / top(01) / sin /     11.00000 para adc(02)
Mensaje D / 00:02:10:000 / adc(02) / 00:00:10:000 para top(01)
Mensaje D / 00:02:10:000 / top(01) / 00:00:00:000 para Root(00)
Mensaje * / 00:02:10:000 / Root(00) para top(01)
Mensaje * / 00:02:10:000 / top(01) para colordecider(03)
Mensaje Y / 00:02:10:000 / colordecider(03) / l_out /      7.00000 para top(01)
Mensaje Y / 00:02:10:000 / colordecider(03) / cdout /      2.00000 para top(01)
Mensaje D / 00:02:10:000 / colordecider(03) / ... para top(01)
Mensaje X / 00:02:10:000 / top(01) / dpin2 /      7.00000 para displaypanel(05)
Mensaje X / 00:02:10:000 / top(01) / dpin1 /      2.00000 para displaypanel(05)
Mensaje D / 00:02:10:000 / displaypanel(05) / 00:00:02:000 para top(01)
Mensaje D / 00:02:10:000 / displaypanel(05) / 00:00:02:000 para top(01)
Mensaje D / 00:02:10:000 / top(01) / 00:00:02:000 para Root(00)
Mensaje * / 00:02:12:000 / Root(00) para top(01)
Mensaje * / 00:02:12:000 / top(01) para displaypanel(05)
Mensaje Y / 00:02:12:000 / displaypanel(05) / dplevel /      7.00000 para top(01)
Mensaje Y / 00:02:12:000 / displaypanel(05) / greenout /      1.00000 para top(01)
Mensaje D / 00:02:12:000 / displaypanel(05) / ... para top(01)
Mensaje Y / 00:02:12:000 / top(01) / dplevel /      7.00000 para Root(00)
Mensaje Y / 00:02:12:000 / top(01) / greenout /      1.00000 para Root(00)
Mensaje D / 00:02:12:000 / top(01) / 00:00:08:000 para Root(00)
Mensaje X / 00:02:15:000 / Root(00) / sin /     26.00000 para top(01)
Mensaje X / 00:02:15:000 / top(01) / sin /     26.00000 para adc(02)
Mensaje D / 00:02:15:000 / adc(02) / 00:00:10:000 para top(01)
Mensaje D / 00:02:15:000 / top(01) / 00:00:10:000 para Root(00)
Mensaje * / 00:02:25:000 / Root(00) para top(01)
Mensaje * / 00:02:25:000 / top(01) para adc(02)
Mensaje D / 00:02:25:000 / adc(02) / ... para top(01)
Mensaje D / 00:02:25:000 / top(01) / ... para Root(00)
Mensaje X / 00:02:30:000 / Root(00) / sin /      9.00000 para top(01)
Mensaje X / 00:02:30:000 / top(01) / sin /      9.00000 para adc(02)
Mensaje D / 00:02:30:000 / adc(02) / 00:00:10:000 para top(01)
Mensaje D / 00:02:30:000 / top(01) / 00:00:10:000 para Root(00)
Mensaje * / 00:02:40:000 / Root(00) para top(01)
Mensaje * / 00:02:40:000 / top(01) para adc(02)
Mensaje Y / 00:02:40:000 / adc(02) / levelout /      9.00000 para top(01)
Mensaje Y / 00:02:40:000 / adc(02) / digout /      2.00000 para top(01)
Mensaje D / 00:02:40:000 / adc(02) / ... para top(01)
Mensaje X / 00:02:40:000 / top(01) / cdin2 /      9.00000 para colordecider(03)
Mensaje X / 00:02:40:000 / top(01) / cdin1 /      2.00000 para colordecider(03)
Mensaje D / 00:02:40:000 / colordecider(03) / 00:00:05:000 para top(01)
Mensaje D / 00:02:40:000 / colordecider(03) / 00:00:05:000 para top(01)
Mensaje D / 00:02:40:000 / top(01) / 00:00:05:000 para Root(00)
Mensaje X / 00:02:45:000 / Root(00) / sin /     10.00000 para top(01)
Mensaje X / 00:02:45:000 / top(01) / sin /     10.00000 para adc(02)
Mensaje D / 00:02:45:000 / adc(02) / 00:00:10:000 para top(01)
Mensaje D / 00:02:45:000 / top(01) / 00:00:00:000 para Root(00)
Mensaje * / 00:02:45:000 / Root(00) para top(01)
Mensaje * / 00:02:45:000 / top(01) para colordecider(03)
Mensaje Y / 00:02:45:000 / colordecider(03) / l_out /      9.00000 para top(01)
Mensaje Y / 00:02:45:000 / colordecider(03) / cdout /      3.00000 para top(01)
Mensaje D / 00:02:45:000 / colordecider(03) / ... para top(01)
Mensaje X / 00:02:45:000 / top(01) / dpin2 /      9.00000 para displaypanel(05)
Mensaje X / 00:02:45:000 / top(01) / dpin1 /      3.00000 para displaypanel(05)
Mensaje D / 00:02:45:000 / displaypanel(05) / 00:00:02:000 para top(01)
Mensaje D / 00:02:45:000 / displaypanel(05) / 00:00:02:000 para top(01)
Mensaje D / 00:02:45:000 / top(01) / 00:00:02:000 para Root(00)
Mensaje * / 00:02:47:000 / Root(00) para top(01)
Mensaje * / 00:02:47:000 / top(01) para displaypanel(05)
Mensaje Y / 00:02:47:000 / displaypanel(05) / dplevel /      9.00000 para top(01)
Mensaje Y / 00:02:47:000 / displaypanel(05) / yellowout /      1.00000 para top(01)
Mensaje D / 00:02:47:000 / displaypanel(05) / ... para top(01)
Mensaje Y / 00:02:47:000 / top(01) / dplevel /      9.00000 para Root(00)
Mensaje Y / 00:02:47:000 / top(01) / yellowout /      1.00000 para Root(00)
Mensaje D / 00:02:47:000 / top(01) / 00:00:08:000 para Root(00)
Mensaje * / 00:02:55:000 / Root(00) para top(01)
Mensaje * / 00:02:55:000 / top(01) para adc(02)
Mensaje Y / 00:02:55:000 / adc(02) / levelout /     10.00000 para top(01)
Mensaje Y / 00:02:55:000 / adc(02) / digout /      2.00000 para top(01)
Mensaje Y / 00:02:55:000 / adc(02) / digout /      3.00000 para top(01)
Mensaje Y / 00:02:55:000 / adc(02) / tobuzz /      3.00000 para top(01)
Mensaje D / 00:02:55:000 / adc(02) / ... para top(01)
Mensaje X / 00:02:55:000 / top(01) / cdin2 /     10.00000 para colordecider(03)
Mensaje X / 00:02:55:000 / top(01) / cdin1 /      2.00000 para colordecider(03)
Mensaje X / 00:02:55:000 / top(01) / cdin1 /      3.00000 para colordecider(03)
Mensaje X / 00:02:55:000 / top(01) / buzzin /      3.00000 para buzzer(04)
Mensaje D / 00:02:55:000 / colordecider(03) / 00:00:05:000 para top(01)
Mensaje D / 00:02:55:000 / colordecider(03) / 00:00:05:000 para top(01)
Mensaje D / 00:02:55:000 / colordecider(03) / 00:00:05:000 para top(01)
Mensaje D / 00:02:55:000 / buzzer(04) / 00:00:10:000 para top(01)
Mensaje D / 00:02:55:000 / top(01) / 00:00:05:000 para Root(00)
Mensaje * / 00:03:00:000 / Root(00) para top(01)
Mensaje * / 00:03:00:000 / top(01) para colordecider(03)
Mensaje Y / 00:03:00:000 / colordecider(03) / l_out /     10.00000 para top(01)
Mensaje Y / 00:03:00:000 / colordecider(03) / cdout /      1.00000 para top(01)
Mensaje D / 00:03:00:000 / colordecider(03) / ... para top(01)
Mensaje X / 00:03:00:000 / top(01) / dpin2 /     10.00000 para displaypanel(05)
Mensaje X / 00:03:00:000 / top(01) / dpin1 /      1.00000 para displaypanel(05)
Mensaje D / 00:03:00:000 / displaypanel(05) / 00:00:02:000 para top(01)
Mensaje D / 00:03:00:000 / displaypanel(05) / 00:00:02:000 para top(01)
Mensaje D / 00:03:00:000 / top(01) / 00:00:02:000 para Root(00)
Mensaje * / 00:03:02:000 / Root(00) para top(01)
Mensaje * / 00:03:02:000 / top(01) para displaypanel(05)
Mensaje Y / 00:03:02:000 / displaypanel(05) / dplevel /     10.00000 para top(01)
Mensaje Y / 00:03:02:000 / displaypanel(05) / redout /      1.00000 para top(01)
Mensaje D / 00:03:02:000 / displaypanel(05) / ... para top(01)
Mensaje Y / 00:03:02:000 / top(01) / dplevel /     10.00000 para Root(00)
Mensaje Y / 00:03:02:000 / top(01) / redout /      1.00000 para Root(00)
Mensaje D / 00:03:02:000 / top(01) / 00:00:03:000 para Root(00)
Mensaje * / 00:03:05:000 / Root(00) para top(01)
Mensaje * / 00:03:05:000 / top(01) para buzzer(04)
Mensaje Y / 00:03:05:000 / buzzer(04) / buzzout /      1.00000 para top(01)
Mensaje D / 00:03:05:000 / buzzer(04) / ... para top(01)
Mensaje Y / 00:03:05:000 / top(01) / buzzout /      1.00000 para Root(00)
Mensaje D / 00:03:05:000 / top(01) / ... para Root(00)
